<?xml version="1.0" encoding="UTF-8"?>
<!-- Generated by org.testng.reporters.JUnitReportReporter -->
<testsuite hostname="DESKTOP-HNOEAKS" failures="0" tests="1" name="com.alberta.qa.testcases.CustomerPageTest" time="29.137" errors="0" timestamp="2022-12-18T20:08:22 IST" skipped="0">
  <testcase classname="com.alberta.qa.testcases.CustomerPageTest" name="customerPageTest" time="29.137"/>
  <system-out/>
</testsuite> <!-- com.alberta.qa.testcases.CustomerPageTest -->
