<?xml version="1.0" encoding="UTF-8"?>
<!-- Generated by org.testng.reporters.JUnitReportReporter -->
<testsuite hostname="DESKTOP-HNOEAKS" failures="0" tests="1" name="com.alberta.qa.testcases.Products_ItemsPageTest" time="34.585" errors="0" timestamp="2023-01-01T22:08:49 IST" skipped="0">
  <testcase classname="com.alberta.qa.testcases.Products_ItemsPageTest" name="createItemPageTest" time="34.585"/>
  <system-out/>
</testsuite> <!-- com.alberta.qa.testcases.Products_ItemsPageTest -->
