<?xml version="1.0" encoding="UTF-8"?>
<!-- Generated by org.testng.reporters.JUnitReportReporter -->
<testsuite hostname="DESKTOP-HNOEAKS" failures="0" tests="2" name="com.alberta.qa.testcases.UnitPageTest" time="14.349" errors="0" timestamp="2022-08-29T11:37:02 IST" skipped="0">
  <testcase classname="com.alberta.qa.testcases.UnitPageTest" name="unitPageTest" time="7.481"/>
  <system-out/>
  <testcase classname="com.alberta.qa.testcases.UnitPageTest" name="unitPageTest" time="6.868"/>
  <system-out/>
</testsuite> <!-- com.alberta.qa.testcases.UnitPageTest -->
