<?xml version="1.0" encoding="UTF-8"?>
<!-- Generated by org.testng.reporters.JUnitReportReporter -->
<testsuite hostname="DESKTOP-HNOEAKS" failures="0" tests="2" name="com.alberta.qa.testcases.LoginPageTest" time="9.709" errors="0" timestamp="2022-12-18T19:25:07 IST" skipped="0">
  <testcase classname="com.alberta.qa.testcases.LoginPageTest" name="loginPageTest" time="9.325"/>
  <system-out/>
  <testcase classname="com.alberta.qa.testcases.LoginPageTest" name="loginPageLOGOTextTest" time="0.384"/>
  <system-out/>
</testsuite> <!-- com.alberta.qa.testcases.LoginPageTest -->
