<?xml version="1.0" encoding="UTF-8"?>
<!-- Generated by org.testng.reporters.JUnitReportReporter -->
<testsuite hostname="DESKTOP-HNOEAKS" failures="0" tests="2" name="com.alberta.qa.testcases.DashBoardPageTest" time="23.969" errors="0" timestamp="2023-01-01T14:06:06 IST" skipped="0">
  <testcase classname="com.alberta.qa.testcases.DashBoardPageTest" name="dashBoardPageContentTest" time="10.987"/>
  <system-out/>
  <testcase classname="com.alberta.qa.testcases.DashBoardPageTest" name="dashBoardPageLOGOTextTest" time="12.982"/>
  <system-out/>
</testsuite> <!-- com.alberta.qa.testcases.DashBoardPageTest -->
