<?xml version="1.0" encoding="UTF-8"?>
<!-- Generated by org.testng.reporters.JUnitReportReporter -->
<testsuite hostname="DESKTOP-HNOEAKS" failures="0" tests="4" name="com.alberta.qa.testcases.DeptPageTest" time="98.541" errors="0" timestamp="2022-12-05T14:54:57 IST" skipped="0">
  <testcase classname="com.alberta.qa.testcases.DeptPageTest" name="deptPageTest" time="24.636"/>
  <system-out/>
  <testcase classname="com.alberta.qa.testcases.DeptPageTest" name="deptPageTest" time="24.675"/>
  <system-out/>
  <testcase classname="com.alberta.qa.testcases.DeptPageTest" name="deptPageTest" time="24.580"/>
  <system-out/>
  <testcase classname="com.alberta.qa.testcases.DeptPageTest" name="deptPageTest" time="24.650"/>
  <system-out/>
</testsuite> <!-- com.alberta.qa.testcases.DeptPageTest -->
