<?xml version="1.0" encoding="UTF-8"?>
<!-- Generated by org.testng.reporters.JUnitReportReporter -->
<testsuite hostname="DESKTOP-HNOEAKS" failures="0" tests="3" name="com.alberta.qa.testcases.SizePageTest" time="36.858" errors="0" timestamp="2022-08-29T13:19:02 IST" skipped="0">
  <testcase classname="com.alberta.qa.testcases.SizePageTest" name="sizePageTest" time="22.620"/>
  <system-out/>
  <testcase classname="com.alberta.qa.testcases.SizePageTest" name="sizePageTest" time="7.127"/>
  <system-out/>
  <testcase classname="com.alberta.qa.testcases.SizePageTest" name="sizePageTest" time="7.111"/>
  <system-out/>
</testsuite> <!-- com.alberta.qa.testcases.SizePageTest -->
