<?xml version="1.0" encoding="UTF-8"?>
<!-- Generated by org.testng.reporters.JUnitReportReporter -->
<testsuite hostname="DESKTOP-HNOEAKS" failures="0" tests="1" name="com.alberta.qa.testcases.WelcomePageTest" time="0.396" errors="0" timestamp="2022-06-23T17:51:51 IST" skipped="0">
  <testcase classname="com.alberta.qa.testcases.WelcomePageTest" name="WelcomePageTitleTest" time="0.396"/>
  <system-out/>
</testsuite> <!-- com.alberta.qa.testcases.WelcomePageTest -->
