<?xml version="1.0" encoding="UTF-8"?>
<!-- Generated by org.testng.reporters.JUnitReportReporter -->
<testsuite hostname="DESKTOP-HNOEAKS" failures="0" tests="3" name="com.alberta.qa.testcases.ManufacturerPageTest" time="63.516" errors="0" timestamp="2022-08-29T14:01:02 IST" skipped="0">
  <testcase classname="com.alberta.qa.testcases.ManufacturerPageTest" name="manufacturerPageTest" time="20.987"/>
  <system-out/>
  <testcase classname="com.alberta.qa.testcases.ManufacturerPageTest" name="manufacturerPageTest" time="21.487"/>
  <system-out/>
  <testcase classname="com.alberta.qa.testcases.ManufacturerPageTest" name="manufacturerPageTest" time="21.042"/>
  <system-out/>
</testsuite> <!-- com.alberta.qa.testcases.ManufacturerPageTest -->
