<?xml version="1.0" encoding="UTF-8"?>
<!-- Generated by org.testng.reporters.JUnitReportReporter -->
<testsuite hostname="DESKTOP-HNOEAKS" failures="0" tests="2" name="com.alberta.qa.testcases.VendorPageTest" time="38.662" errors="0" timestamp="2022-12-18T20:05:45 IST" skipped="0">
  <testcase classname="com.alberta.qa.testcases.VendorPageTest" name="vendorPageTest" time="19.017"/>
  <system-out/>
  <testcase classname="com.alberta.qa.testcases.VendorPageTest" name="vendorPageTest" time="19.645"/>
  <system-out/>
</testsuite> <!-- com.alberta.qa.testcases.VendorPageTest -->
