<?xml version="1.0" encoding="UTF-8"?>
<!-- Generated by org.testng.reporters.JUnitReportReporter -->
<testsuite hostname="DESKTOP-HNOEAKS" failures="0" tests="1" name="com.alberta.test.NotePadTest" time="7.269" errors="0" timestamp="2022-08-04T16:21:08 IST" skipped="0">
  <testcase classname="com.alberta.test.NotePadTest" name="notePadTest" time="7.269"/>
  <system-out/>
</testsuite> <!-- com.alberta.test.NotePadTest -->
